\\NSTU-UWE11\USERS$\A3-SCULLY\PERSONAL\COMPUTER SCIENCE\COMPUTER AND NETWORK SYSTEMS\ASSIGNMENT 1\SIM8080\SIM8080\DEBUG\SIM8080.PCH
\\NSTU-UWE11\USERS$\A3-SCULLY\PERSONAL\COMPUTER SCIENCE\COMPUTER AND NETWORK SYSTEMS\ASSIGNMENT 1\SIM8080\SIM8080\DEBUG\STDAFX.OBJ
\\NSTU-UWE11\USERS$\A3-SCULLY\PERSONAL\COMPUTER SCIENCE\COMPUTER AND NETWORK SYSTEMS\ASSIGNMENT 1\SIM8080\SIM8080\DEBUG\VC110.PDB
\\NSTU-UWE11\USERS$\A3-SCULLY\PERSONAL\COMPUTER SCIENCE\COMPUTER AND NETWORK SYSTEMS\ASSIGNMENT 1\SIM8080\SIM8080\DEBUG\SIM8080.OBJ
\\NSTU-UWE11\USERS$\A3-SCULLY\PERSONAL\COMPUTER SCIENCE\COMPUTER AND NETWORK SYSTEMS\ASSIGNMENT 1\SIM8080\DEBUG\SIM8080.ILK
\\NSTU-UWE11\USERS$\A3-SCULLY\PERSONAL\COMPUTER SCIENCE\COMPUTER AND NETWORK SYSTEMS\ASSIGNMENT 1\SIM8080\DEBUG\SIM8080.EXE
\\NSTU-UWE11\USERS$\A3-SCULLY\PERSONAL\COMPUTER SCIENCE\COMPUTER AND NETWORK SYSTEMS\ASSIGNMENT 1\SIM8080\DEBUG\SIM8080.PDB
H:\Personal\Computer Science\Computer and Network Systems\Assignment 1\Sim8080\Sim8080\Debug\stdafx.obj
H:\Personal\Computer Science\Computer and Network Systems\Assignment 1\Sim8080\Sim8080\Debug\Sim8080.obj
H:\Personal\Computer Science\Computer and Network Systems\Assignment 1\Sim8080\Sim8080\Debug\CL.read.1.tlog
H:\Personal\Computer Science\Computer and Network Systems\Assignment 1\Sim8080\Sim8080\Debug\CL.write.1.tlog
H:\Personal\Computer Science\Computer and Network Systems\Assignment 1\Sim8080\Sim8080\Debug\cl.command.1.tlog
H:\Personal\Computer Science\Computer and Network Systems\Assignment 1\Sim8080\Sim8080\Debug\link-rc.read.1.tlog
H:\Personal\Computer Science\Computer and Network Systems\Assignment 1\Sim8080\Sim8080\Debug\link-rc.write.1.tlog
H:\Personal\Computer Science\Computer and Network Systems\Assignment 1\Sim8080\Sim8080\Debug\link-cvtres.read.1.tlog
H:\Personal\Computer Science\Computer and Network Systems\Assignment 1\Sim8080\Sim8080\Debug\link-cvtres.write.1.tlog
H:\Personal\Computer Science\Computer and Network Systems\Assignment 1\Sim8080\Sim8080\Debug\link.read.1.tlog
H:\Personal\Computer Science\Computer and Network Systems\Assignment 1\Sim8080\Sim8080\Debug\link.write.1.tlog
H:\Personal\Computer Science\Computer and Network Systems\Assignment 1\Sim8080\Sim8080\Debug\link.command.1.tlog
H:\Personal\Computer Science\Computer and Network Systems\Assignment 1\Sim8080\Sim8080\Debug\Sim8080.pch
H:\Personal\Computer Science\Computer and Network Systems\Assignment 1\Sim8080\Sim8080\Debug\vc110.idb
H:\Personal\Computer Science\Computer and Network Systems\Assignment 1\Sim8080\Sim8080\Debug\vc110.pdb
H:\Personal\Computer Science\Computer and Network Systems\Assignment 1\Sim8080\Debug\Sim8080.pdb
H:\Personal\Computer Science\Computer and Network Systems\Assignment 1\Sim8080\Debug\Sim8080.exe
H:\Personal\Computer Science\Computer and Network Systems\Assignment 1\Sim8080\Debug\Sim8080.ilk
